Using pre-set license
Built from '2020.2/release' branch; Version is '2020.2.1f1 (270dd8c3da1c) revision 2559448'; Using compiler version '192528614'; Build Type 'Release'
OS: 'Windows 10  (10.0.0) 64bit' Language: 'en' Physical Memory: 16343 MB
BatchMode: 1, IsHumanControllingUs: 0, StartBugReporterOnCrash: 0, Is64bit: 1, IsPro: 0

 COMMAND LINE ARGUMENTS:
H:\Unity\2020.2.1f1\Editor\Unity.exe
-adb2
-batchMode
-noUpm
-name
AssetImportWorker0
-projectPath
C:/Users/Cole/Desktop/Random Unity Games/Scheduling
-logFile
Logs/AssetImportWorker0.log
-srvPort
55082
Successfully changed project path to: C:/Users/Cole/Desktop/Random Unity Games/Scheduling
C:/Users/Cole/Desktop/Random Unity Games/Scheduling
Using Asset Import Pipeline V2.
Refreshing native plugins compatible for Editor in 30.21 ms, found 1 plugins.
Preloading 0 native plugins for Editor in 0.00 ms.
Initialize engine version: 2020.2.1f1 (270dd8c3da1c)
[Subsystems] Discovering subsystems at path H:/Unity/2020.2.1f1/Editor/Data/Resources/UnitySubsystems
[Subsystems] Discovering subsystems at path C:/Users/Cole/Desktop/Random Unity Games/Scheduling/Assets
GfxDevice: creating device client; threaded=0
Direct3D:
    Version:  Direct3D 11.0 [level 11.1]
    Renderer: NVIDIA GeForce RTX 2070 SUPER (ID=0x1e84)
    Vendor:   
    VRAM:     8011 MB
    Driver:   27.21.14.6089
Initialize mono
Mono path[0] = 'H:/Unity/2020.2.1f1/Editor/Data/Managed'
Mono path[1] = 'H:/Unity/2020.2.1f1/Editor/Data/MonoBleedingEdge/lib/mono/unityjit'
Mono config path = 'H:/Unity/2020.2.1f1/Editor/Data/MonoBleedingEdge/etc'
Using monoOptions --debugger-agent=transport=dt_socket,embedding=1,server=y,suspend=n,address=127.0.0.1:56228
Begin MonoManager ReloadAssembly
Registering precompiled unity dll's ...
Register platform support module: H:/Unity/2020.2.1f1/Editor/Data/PlaybackEngines/WebGLSupport/UnityEditor.WebGL.Extensions.dll
Register platform support module: H:/Unity/2020.2.1f1/Editor/Data/PlaybackEngines/WindowsStandaloneSupport/UnityEditor.WindowsStandalone.Extensions.dll
Registered in 0.001292 seconds.
Native extension for WindowsStandalone target not found
Native extension for WebGL target not found
Refreshing native plugins compatible for Editor in 35.36 ms, found 1 plugins.
Preloading 0 native plugins for Editor in 0.00 ms.
Invoked RoslynAnalysisRunner static constructor.
RoslynAnalysisRunner will not be running.
RoslynAnalysisRunner has terminated.
Mono: successfully reloaded assembly
- Completed reload, in  1.101 seconds
Platform modules already initialized, skipping
Registering precompiled user dll's ...
Registered in 0.002827 seconds.
Begin MonoManager ReloadAssembly
Native extension for WindowsStandalone target not found
Native extension for WebGL target not found
Refreshing native plugins compatible for Editor in 0.54 ms, found 1 plugins.
Preloading 0 native plugins for Editor in 0.00 ms.
Invoked RoslynAnalysisRunner static constructor.
RoslynAnalysisRunner will not be running.
RoslynAnalysisRunner has terminated.
Mono: successfully reloaded assembly
- Completed reload, in  0.821 seconds
Platform modules already initialized, skipping
========================================================================
Worker process is ready to serve import requests
Launched and connected shader compiler UnityShaderCompiler.exe after 0.03 seconds
Refreshing native plugins compatible for Editor in 0.34 ms, found 1 plugins.
Preloading 0 native plugins for Editor in 0.00 ms.
Unloading 1969 Unused Serialized files (Serialized files now loaded: 0)
System memory in use before: 88.9 MB.
System memory in use after: 89.0 MB.

Unloading 15 unused Assets to reduce memory usage. Loaded Objects now: 2400.
Total: 1.659900 ms (FindLiveObjects: 0.216500 ms CreateObjectMapping: 0.125700 ms MarkObjects: 1.272400 ms  DeleteObjects: 0.044300 ms)

========================================================================
Received Import Request.
  path: Assets/Scripts
  artifactKey: Guid(9d0876da8345c364f82560829d1e2850) Importer(815301076,1909f56bfc062723c751e8b465ee728b)
Start importing Assets/Scripts using Guid(9d0876da8345c364f82560829d1e2850) Importer(815301076,1909f56bfc062723c751e8b465ee728b)  -> (artifact id: '3ce97adace981ce91565b3943cf4b99f') in 0.007370 seconds
  Import took 0.010044 seconds .

========================================================================
Received Import Request.
  Time since last request: 0.000178 seconds.
  path: Assets/Scripts/Classes/Course.cs
  artifactKey: Guid(a955db7fa48d2f444b2d23152806e385) Importer(815301076,1909f56bfc062723c751e8b465ee728b)
Start importing Assets/Scripts/Classes/Course.cs using Guid(a955db7fa48d2f444b2d23152806e385) Importer(815301076,1909f56bfc062723c751e8b465ee728b)  -> (artifact id: '371be5d2c5c619bb29c65b6fa40a7c74') in 0.032051 seconds
  Import took 0.035041 seconds .

========================================================================
Received Import Request.
  Time since last request: 0.000192 seconds.
  path: Assets/Scripts/Classes
  artifactKey: Guid(e6d63b155f82207499d7d0aafbad5515) Importer(815301076,1909f56bfc062723c751e8b465ee728b)
Start importing Assets/Scripts/Classes using Guid(e6d63b155f82207499d7d0aafbad5515) Importer(815301076,1909f56bfc062723c751e8b465ee728b)  -> (artifact id: '1b5e739cb0b1d4452b461cdccaea5fdb') in 0.006947 seconds
  Import took 0.009653 seconds .

AssetImportWorkerClient::OnTransportError - code=2 error=End of file
